12:33:23.104 [main] INFO  testCases.Main - Test Passed
12:33:23.273 [main] INFO  testCases.Main - Print all information of Resources/Link in Ethics & Compliance page
12:33:23.555 [main] INFO  testCases.Main - Validate Ethics & Compliance page information
12:33:23.577 [main] INFO  testCases.Main - Test Passed
12:33:23.712 [main] INFO  testCases.Main - Print Ethics & Compliance page information
12:33:24.525 [main] DEBUG org.apache.poi.openxml4j.opc.ZipPackage - Save core properties part
12:33:24.525 [main] DEBUG org.apache.poi.openxml4j.opc.ZipPackage - Save content types part
12:33:24.605 [main] DEBUG org.apache.poi.openxml4j.opc.ZipPackage - Save package relationships
12:33:24.614 [main] DEBUG org.apache.poi.openxml4j.opc.ZipPackage - Save part 'docProps/app.xml'
12:33:24.617 [main] DEBUG org.apache.poi.openxml4j.opc.ZipPackage - Save part 'docProps/core.xml'
12:33:24.622 [main] DEBUG org.apache.poi.openxml4j.opc.ZipPackage - Save part 'xl/sharedStrings.xml'
12:33:24.622 [main] DEBUG org.apache.poi.openxml4j.opc.ZipPackage - Save part 'xl/styles.xml'
12:33:24.623 [main] DEBUG org.apache.poi.openxml4j.opc.ZipPackage - Save part 'xl/workbook.xml'
12:33:24.624 [main] DEBUG org.apache.poi.openxml4j.opc.ZipPackage - Save part 'xl/worksheets/sheet1.xml'
12:33:24.626 [main] DEBUG org.apache.poi.openxml4j.opc.ZipPackage - Save content types part
12:33:24.628 [main] DEBUG org.apache.poi.openxml4j.opc.ZipPackage - Save package relationships
12:33:24.629 [main] DEBUG org.apache.poi.openxml4j.opc.ZipPackage - Save part 'docProps/app.xml'
12:33:24.629 [main] DEBUG org.apache.poi.openxml4j.opc.ZipPackage - Save part 'docProps/core.xml'
12:33:24.630 [main] DEBUG org.apache.poi.openxml4j.opc.ZipPackage - Save part 'xl/sharedStrings.xml'
12:33:24.631 [main] DEBUG org.apache.poi.openxml4j.opc.ZipPackage - Save part 'xl/styles.xml'
12:33:24.631 [main] DEBUG org.apache.poi.openxml4j.opc.ZipPackage - Save part 'xl/workbook.xml'
12:33:24.632 [main] DEBUG org.apache.poi.openxml4j.opc.ZipPackage - Save part 'xl/worksheets/sheet1.xml'
12:33:36.134 [main] INFO  testCases.Main - **** Ending Test Cases ******
